Removed Pin From Net: NetName=GND Pin=P2-2
Added Component: Designator=J1(0436500217)
Add component (AddParameter): Name = "Arrow Part Number"; Value = "0436500217"; VariantName = "[No Variations]"
Add component (AddParameter): Name = "Arrow Price/Stock"; Value = "https://www.arrow.com/en/products/0436500217/molex"; VariantName = "[No Variations]"
Add component (AddParameter): Name = "Datasheet Link"; Value = "https://datasheet.datasheetarchive.com/originals/distributors/Datasheets-DGA21/2145585.pdf"; VariantName = "[No Variations]"
Add component (AddParameter): Name = "Height"; Value = "9.9mm"; VariantName = "[No Variations]"
Add component (AddParameter): Name = "Manufacturer_Name"; Value = "Molex"; VariantName = "[No Variations]"
Add component (AddParameter): Name = "Manufacturer_Part_Number"; Value = "0436500217"; VariantName = "[No Variations]"
Add component (AddParameter): Name = "Mouser Part Number"; Value = "N/A"; VariantName = "[No Variations]"
Add component (AddParameter): Name = "Mouser Price/Stock"; Value = "https://www.mouser.co.uk/ProductDetail/Molex/0436500217?qs=%252BdQmOuGyFcG%2F6znKEq1cuQ%3D%3D"; VariantName = "[No Variations]"
Added Component: Designator=J2(0436500217)
Add component (AddParameter): Name = "Arrow Part Number"; Value = "0436500217"; VariantName = "[No Variations]"
Add component (AddParameter): Name = "Arrow Price/Stock"; Value = "https://www.arrow.com/en/products/0436500217/molex"; VariantName = "[No Variations]"
Add component (AddParameter): Name = "Datasheet Link"; Value = "https://datasheet.datasheetarchive.com/originals/distributors/Datasheets-DGA21/2145585.pdf"; VariantName = "[No Variations]"
Add component (AddParameter): Name = "Height"; Value = "9.9mm"; VariantName = "[No Variations]"
Add component (AddParameter): Name = "Manufacturer_Name"; Value = "Molex"; VariantName = "[No Variations]"
Add component (AddParameter): Name = "Manufacturer_Part_Number"; Value = "0436500217"; VariantName = "[No Variations]"
Add component (AddParameter): Name = "Mouser Part Number"; Value = "N/A"; VariantName = "[No Variations]"
Add component (AddParameter): Name = "Mouser Price/Stock"; Value = "https://www.mouser.co.uk/ProductDetail/Molex/0436500217?qs=%252BdQmOuGyFcG%2F6znKEq1cuQ%3D%3D"; VariantName = "[No Variations]"
Added Pin To Net: NetName=GND Pin=J1-1
Added Pin To Net: NetName=GND Pin=J2-1
Added Pin To Net: NetName=VCC Pin=J2-2
Added Pin To Net: NetName=NetJ1_2 Pin=J1-2
Added Pin To Net: NetName=NetJ1_2 Pin=P17-1
Added Net: Name=NetJ1_2
Added Member To Class: ClassName=ModelT_MainBoard Member=Component J1 0436500217
Added Member To Class: ClassName=ModelT_MainBoard Member=Component J2 0436500217
Added Room: Name=ModelT_MainBoard
