Removed Pin From Net: NetName=NetIC1_34 Pin=P2-1
Removed Pin From Net: NetName=NetIC1_35 Pin=P2-2
Removed Pin From Net: NetName=NetIC5_34 Pin=P9-1
Removed Pin From Net: NetName=NetIC5_35 Pin=P9-2
Change Component Footprint: Designator=P2 Old Footprint=HDR1X2 New Footprint=HDR1X6
Change Component Footprint: Designator=P9 Old Footprint=HDR1X2 New Footprint=HDR1X6
Change Component Comment : Designator=P2 Old Comment=Header 2 New Comment=Header 6
Change Component Comment : Designator=P9 Old Comment=Header 2 New Comment=Header 6
Added Pin To Net: NetName=VCC Pin=P2-1
Added Pin To Net: NetName=GND Pin=P2-2
Added Pin To Net: NetName=NetIC1_34 Pin=P2-3
Added Pin To Net: NetName=NetIC1_35 Pin=P2-4
Added Pin To Net: NetName=NetIC1_3 Pin=P2-5
Added Pin To Net: NetName=VCC Pin=P9-1
Added Pin To Net: NetName=GND Pin=P9-2
Added Pin To Net: NetName=NetIC5_34 Pin=P9-3
Added Pin To Net: NetName=NetIC5_35 Pin=P9-4
Added Pin To Net: NetName=NetIC5_3 Pin=P9-5
Added Pin To Net: NetName=NetIC1_25 Pin=IC1-25
Added Pin To Net: NetName=NetIC1_25 Pin=P2-6
Added Net: Name=NetIC1_25
Added Pin To Net: NetName=NetIC5_25 Pin=IC5-25
Added Pin To Net: NetName=NetIC5_25 Pin=P9-6
Added Net: Name=NetIC5_25
Added Room: Name=ModelT_MainBoard
