Removed Pin From Net: NetName=NetIC1_34 Pin=P2-1
Removed Pin From Net: NetName=NetIC1_35 Pin=P2-2
Removed Pin From Net: NetName=NetIC5_34 Pin=P9-1
Removed Pin From Net: NetName=NetIC5_35 Pin=P9-2
Change Component Footprint: Designator=P2 Old Footprint=HDR1X2 New Footprint=HDR1X6
Change Component Footprint: Designator=P9 Old Footprint=HDR1X2 New Footprint=HDR1X6
Change Component Comment : Designator=P2 Old Comment=Header 2 New Comment=Header 6
Change Component Comment : Designator=P9 Old Comment=Header 2 New Comment=Header 6
Added Component: Designator=R8(J1-0603)
Add component (AddParameter): Name = "LatestRevisionDate"; Value = "29-May-2009"; VariantName = "[No Variations]"
Add component (AddParameter): Name = "LatestRevisionNote"; Value = "IPC-7351 Footprint Added."; VariantName = "[No Variations]"
Add component (AddParameter): Name = "PackageDescription"; Value = "Chip Resistor"; VariantName = "[No Variations]"
Add component (AddParameter): Name = "PackageReference"; Value = "J1-0603"; VariantName = "[No Variations]"
Add component (AddParameter): Name = "Published"; Value = "8-Jun-2000"; VariantName = "[No Variations]"
Add component (AddParameter): Name = "Publisher"; Value = "Altium Limited"; VariantName = "[No Variations]"
Add component (AddParameter): Name = "Value"; Value = "10K"; VariantName = "[No Variations]"
Added Component: Designator=R10(J1-0603)
Add component (AddParameter): Name = "LatestRevisionDate"; Value = "29-May-2009"; VariantName = "[No Variations]"
Add component (AddParameter): Name = "LatestRevisionNote"; Value = "IPC-7351 Footprint Added."; VariantName = "[No Variations]"
Add component (AddParameter): Name = "PackageDescription"; Value = "Chip Resistor"; VariantName = "[No Variations]"
Add component (AddParameter): Name = "PackageReference"; Value = "J1-0603"; VariantName = "[No Variations]"
Add component (AddParameter): Name = "Published"; Value = "8-Jun-2000"; VariantName = "[No Variations]"
Add component (AddParameter): Name = "Publisher"; Value = "Altium Limited"; VariantName = "[No Variations]"
Add component (AddParameter): Name = "Value"; Value = "10K"; VariantName = "[No Variations]"
Added Pin To Net: NetName=VCC Pin=P2-1
Added Pin To Net: NetName=GND Pin=P2-2
Added Pin To Net: NetName=NetIC1_34 Pin=P2-3
Added Pin To Net: NetName=NetIC1_35 Pin=P2-4
Added Pin To Net: NetName=NetIC1_3 Pin=P2-5
Added Pin To Net: NetName=VCC Pin=P9-1
Added Pin To Net: NetName=GND Pin=P9-2
Added Pin To Net: NetName=NetIC5_34 Pin=P9-3
Added Pin To Net: NetName=NetIC5_35 Pin=P9-4
Added Pin To Net: NetName=NetIC5_3 Pin=P9-5
Added Pin To Net: NetName=NetIC1_36 Pin=R8-1
Added Pin To Net: NetName=VCC Pin=R8-2
Added Pin To Net: NetName=NetIC1_33 Pin=R10-1
Added Pin To Net: NetName=VCC Pin=R10-2
Added Pin To Net: NetName=NetIC1_25 Pin=IC1-25
Added Pin To Net: NetName=NetIC1_25 Pin=P2-6
Added Net: Name=NetIC1_25
Added Pin To Net: NetName=NetIC5_25 Pin=IC5-25
Added Pin To Net: NetName=NetIC5_25 Pin=P9-6
Added Net: Name=NetIC5_25
Added Member To Class: ClassName=ModelT_MainBoard Member=Component R8 Res3
Added Member To Class: ClassName=ModelT_MainBoard Member=Component R10 Res3
