Removed Pin From Net: NetName=VCC Pin=P15-1
Removed Pin From Net: NetName=GND Pin=P15-2
Removed Pin From Net: NetName=NetIC1_36 Pin=P15-3
Removed Pin From Net: NetName=NetIC1_33 Pin=P15-4
Change Component Footprint: Designator=P1 Old Footprint=HDR1X2 New Footprint=RHDR2W80P0X254_1X2_558X254X850P
Change Component Footprint: Designator=P11 Old Footprint=HDR1X4 New Footprint=RHDR4W80P0X254_1X4_1066X254X850P
Change Component Footprint: Designator=P14 Old Footprint=HDR1X5 New Footprint=RHDR5W75P0X254_1X5_1320X254X850P
Change Component Footprint: Designator=P2 Old Footprint=HDR1X6 New Footprint=RHDR6W80P0X254_1X6_1574X254X870P
Change Component Footprint: Designator=P9 Old Footprint=HDR1X6 New Footprint=RHDR6W80P0X254_1X6_1574X254X870P
Change Component Footprint: Designator=P10 Old Footprint=HDR1X6 New Footprint=RHDR6W80P0X254_1X6_1574X254X870P
Change Component Footprint: Designator=P17 Old Footprint=HDR1X6 New Footprint=RHDR6W80P0X254_1X6_1574X254X870P
Change Component Footprint: Designator=P3 Old Footprint=HDR1X7 New Footprint=RHDR7W76P0X254_1X7_1778X356X864P
Change Component Footprint: Designator=P4 Old Footprint=HDR1X7 New Footprint=RHDR7W76P0X254_1X7_1778X356X864P
Change Component Footprint: Designator=P5 Old Footprint=HDR1X8 New Footprint=RHDR8W80P0X254_1X8_2082X254X850P
Change Component Footprint: Designator=P7 Old Footprint=HDR1X8 New Footprint=RHDR8W80P0X254_1X8_2082X254X850P
Change Component Footprint: Designator=P8 Old Footprint=HDR1X8 New Footprint=RHDR8W80P0X254_1X8_2082X254X850P
Change Component Footprint: Designator=P6 Old Footprint=HDR1X9 New Footprint=RHDR9W79P0X254_1X9_2337X241X851P
Added Component: Designator=P12(RHDR7W76P0X254_1X7_1778X356X864P)
Add component (AddParameter): Name = "LatestRevisionDate"; Value = "17-Jul-2002"; VariantName = "[No Variations]"
Add component (AddParameter): Name = "LatestRevisionNote"; Value = "Re-released for DXP Platform."; VariantName = "[No Variations]"
Add component (AddParameter): Name = "Publisher"; Value = "Altium Limited"; VariantName = "[No Variations]"
Added Pin To Net: NetName=VCC Pin=P12-1
Added Pin To Net: NetName=GND Pin=P12-2
Added Pin To Net: NetName=NetIC1_36 Pin=P12-3
Added Pin To Net: NetName=NetIC1_33 Pin=P12-4
Added Member To Class: ClassName=ModelT_MainBoard Member=Component P12 Header 7
