Removed Pin From Net: NetName=Vbat Pin=J4-1
Removed Pin From Net: NetName=VCC Pin=J4-2
Removed Pin From Net: NetName=Vufil Pin=J4-3
Removed Pin From Net: NetName=Vufil Pin=J4-4
Removed Pin From Net: NetName=GND Pin=J4-5
Removed Pin From Net: NetName=GND Pin=J4-6
Added Component: Designator=J3(0430450614)
Add component (AddParameter): Name = "Arrow Part Number"; Value = "0430450614"; VariantName = "[No Variations]"
Add component (AddParameter): Name = "Arrow Price/Stock"; Value = "https://www.arrow.com/en/products/0430450614/molex"; VariantName = "[No Variations]"
Add component (AddParameter): Name = "Datasheet Link"; Value = "https://www.molex.com/pdm_docs/sd/430450614_sd.pdf"; VariantName = "[No Variations]"
Add component (AddParameter): Name = "Height"; Value = "10.16mm"; VariantName = "[No Variations]"
Add component (AddParameter): Name = "Manufacturer_Name"; Value = "Molex"; VariantName = "[No Variations]"
Add component (AddParameter): Name = "Manufacturer_Part_Number"; Value = "0430450614"; VariantName = "[No Variations]"
Add component (AddParameter): Name = "Mouser Part Number"; Value = ""; VariantName = "[No Variations]"
Add component (AddParameter): Name = "Mouser Price/Stock"; Value = ""; VariantName = "[No Variations]"
Added Pin To Net: NetName=Vbat Pin=J3-1
Added Pin To Net: NetName=VCC Pin=J3-2
Added Pin To Net: NetName=Vufil Pin=J3-3
Added Pin To Net: NetName=Vufil Pin=J3-4
Added Pin To Net: NetName=GND Pin=J3-5
Added Pin To Net: NetName=GND Pin=J3-6
Added Member To Class: ClassName=MainBoard_Model_Ra Member=Component J3 0430450614
Added Room: Name=MainBoard_Model_Ra
