Removed Pin From Net: NetName=NetJ1_6 Pin=M4-1
Removed Pin From Net: NetName=GND Pin=M4-2
Removed Pin From Net: NetName=NetJ1_5 Pin=M5-1
Removed Pin From Net: NetName=GND Pin=M5-2
Removed Pin From Net: NetName=NetJ1_4 Pin=M6-1
Removed Pin From Net: NetName=GND Pin=M6-2
Removed Pin From Net: NetName=NetJ2_6 Pin=M7-1
Removed Pin From Net: NetName=GND Pin=M7-2
Removed Pin From Net: NetName=NetJ2_5 Pin=M8-1
Removed Pin From Net: NetName=GND Pin=M8-2
Removed Pin From Net: NetName=NetJ2_4 Pin=M9-1
Removed Pin From Net: NetName=GND Pin=M9-2
Removed Pin From Net: NetName=NetJ3_5 Pin=M10-1
Removed Pin From Net: NetName=GND Pin=M10-2
Removed Pin From Net: NetName=NetJ3_4 Pin=M11-1
Removed Pin From Net: NetName=GND Pin=M11-2
Removed Member From Class: ClassName=Hub Member=M4
Removed Member From Class: ClassName=Hub Member=M5
Removed Member From Class: ClassName=Hub Member=M6
Removed Member From Class: ClassName=Hub Member=M7
Removed Member From Class: ClassName=Hub Member=M8
Removed Member From Class: ClassName=Hub Member=M9
Removed Member From Class: ClassName=Hub Member=M10
Removed Member From Class: ClassName=Hub Member=M11
Added Component: Designator=J4(43045-0200)
Add component (AddParameter): Name = "Arrow Part Number"; Value = "0430450200"; VariantName = "[No Variations]"
Add component (AddParameter): Name = "Arrow Price/Stock"; Value = "https://www.arrow.com/en/products/0430450200/molex"; VariantName = "[No Variations]"
Add component (AddParameter): Name = "Datasheet Link"; Value = "http://www.molex.com/webdocs/datasheets/pdf/en-us//0430450200_PCB_HEADERS.pdf"; VariantName = "[No Variations]"
Add component (AddParameter): Name = "Manufacturer_Name"; Value = "Molex"; VariantName = "[No Variations]"
Add component (AddParameter): Name = "Manufacturer_Part_Number"; Value = "0430450200"; VariantName = "[No Variations]"
Add component (AddParameter): Name = "Mouser Part Number"; Value = "N/A"; VariantName = "[No Variations]"
Add component (AddParameter): Name = "Mouser Price/Stock"; Value = "https://www.mouser.co.uk/ProductDetail/Molex/0430450200?qs=PBcRNPEHKsq8d1JP3B5UOw%3D%3D"; VariantName = "[No Variations]"
Added Component: Designator=J5(43045-0200)
Add component (AddParameter): Name = "Arrow Part Number"; Value = "0430450200"; VariantName = "[No Variations]"
Add component (AddParameter): Name = "Arrow Price/Stock"; Value = "https://www.arrow.com/en/products/0430450200/molex"; VariantName = "[No Variations]"
Add component (AddParameter): Name = "Datasheet Link"; Value = "http://www.molex.com/webdocs/datasheets/pdf/en-us//0430450200_PCB_HEADERS.pdf"; VariantName = "[No Variations]"
Add component (AddParameter): Name = "Manufacturer_Name"; Value = "Molex"; VariantName = "[No Variations]"
Add component (AddParameter): Name = "Manufacturer_Part_Number"; Value = "0430450200"; VariantName = "[No Variations]"
Add component (AddParameter): Name = "Mouser Part Number"; Value = "N/A"; VariantName = "[No Variations]"
Add component (AddParameter): Name = "Mouser Price/Stock"; Value = "https://www.mouser.co.uk/ProductDetail/Molex/0430450200?qs=PBcRNPEHKsq8d1JP3B5UOw%3D%3D"; VariantName = "[No Variations]"
Added Component: Designator=J6(43045-0200)
Add component (AddParameter): Name = "Arrow Part Number"; Value = "0430450200"; VariantName = "[No Variations]"
Add component (AddParameter): Name = "Arrow Price/Stock"; Value = "https://www.arrow.com/en/products/0430450200/molex"; VariantName = "[No Variations]"
Add component (AddParameter): Name = "Datasheet Link"; Value = "http://www.molex.com/webdocs/datasheets/pdf/en-us//0430450200_PCB_HEADERS.pdf"; VariantName = "[No Variations]"
Add component (AddParameter): Name = "Manufacturer_Name"; Value = "Molex"; VariantName = "[No Variations]"
Add component (AddParameter): Name = "Manufacturer_Part_Number"; Value = "0430450200"; VariantName = "[No Variations]"
Add component (AddParameter): Name = "Mouser Part Number"; Value = "N/A"; VariantName = "[No Variations]"
Add component (AddParameter): Name = "Mouser Price/Stock"; Value = "https://www.mouser.co.uk/ProductDetail/Molex/0430450200?qs=PBcRNPEHKsq8d1JP3B5UOw%3D%3D"; VariantName = "[No Variations]"
Added Component: Designator=J7(43045-0200)
Add component (AddParameter): Name = "Arrow Part Number"; Value = "0430450200"; VariantName = "[No Variations]"
Add component (AddParameter): Name = "Arrow Price/Stock"; Value = "https://www.arrow.com/en/products/0430450200/molex"; VariantName = "[No Variations]"
Add component (AddParameter): Name = "Datasheet Link"; Value = "http://www.molex.com/webdocs/datasheets/pdf/en-us//0430450200_PCB_HEADERS.pdf"; VariantName = "[No Variations]"
Add component (AddParameter): Name = "Manufacturer_Name"; Value = "Molex"; VariantName = "[No Variations]"
Add component (AddParameter): Name = "Manufacturer_Part_Number"; Value = "0430450200"; VariantName = "[No Variations]"
Add component (AddParameter): Name = "Mouser Part Number"; Value = "N/A"; VariantName = "[No Variations]"
Add component (AddParameter): Name = "Mouser Price/Stock"; Value = "https://www.mouser.co.uk/ProductDetail/Molex/0430450200?qs=PBcRNPEHKsq8d1JP3B5UOw%3D%3D"; VariantName = "[No Variations]"
Added Component: Designator=J8(43045-0200)
Add component (AddParameter): Name = "Arrow Part Number"; Value = "0430450200"; VariantName = "[No Variations]"
Add component (AddParameter): Name = "Arrow Price/Stock"; Value = "https://www.arrow.com/en/products/0430450200/molex"; VariantName = "[No Variations]"
Add component (AddParameter): Name = "Datasheet Link"; Value = "http://www.molex.com/webdocs/datasheets/pdf/en-us//0430450200_PCB_HEADERS.pdf"; VariantName = "[No Variations]"
Add component (AddParameter): Name = "Manufacturer_Name"; Value = "Molex"; VariantName = "[No Variations]"
Add component (AddParameter): Name = "Manufacturer_Part_Number"; Value = "0430450200"; VariantName = "[No Variations]"
Add component (AddParameter): Name = "Mouser Part Number"; Value = "N/A"; VariantName = "[No Variations]"
Add component (AddParameter): Name = "Mouser Price/Stock"; Value = "https://www.mouser.co.uk/ProductDetail/Molex/0430450200?qs=PBcRNPEHKsq8d1JP3B5UOw%3D%3D"; VariantName = "[No Variations]"
Added Component: Designator=J9(43045-0200)
Add component (AddParameter): Name = "Arrow Part Number"; Value = "0430450200"; VariantName = "[No Variations]"
Add component (AddParameter): Name = "Arrow Price/Stock"; Value = "https://www.arrow.com/en/products/0430450200/molex"; VariantName = "[No Variations]"
Add component (AddParameter): Name = "Datasheet Link"; Value = "http://www.molex.com/webdocs/datasheets/pdf/en-us//0430450200_PCB_HEADERS.pdf"; VariantName = "[No Variations]"
Add component (AddParameter): Name = "Manufacturer_Name"; Value = "Molex"; VariantName = "[No Variations]"
Add component (AddParameter): Name = "Manufacturer_Part_Number"; Value = "0430450200"; VariantName = "[No Variations]"
Add component (AddParameter): Name = "Mouser Part Number"; Value = "N/A"; VariantName = "[No Variations]"
Add component (AddParameter): Name = "Mouser Price/Stock"; Value = "https://www.mouser.co.uk/ProductDetail/Molex/0430450200?qs=PBcRNPEHKsq8d1JP3B5UOw%3D%3D"; VariantName = "[No Variations]"
Added Component: Designator=J10(43045-0200)
Add component (AddParameter): Name = "Arrow Part Number"; Value = "0430450200"; VariantName = "[No Variations]"
Add component (AddParameter): Name = "Arrow Price/Stock"; Value = "https://www.arrow.com/en/products/0430450200/molex"; VariantName = "[No Variations]"
Add component (AddParameter): Name = "Datasheet Link"; Value = "http://www.molex.com/webdocs/datasheets/pdf/en-us//0430450200_PCB_HEADERS.pdf"; VariantName = "[No Variations]"
Add component (AddParameter): Name = "Manufacturer_Name"; Value = "Molex"; VariantName = "[No Variations]"
Add component (AddParameter): Name = "Manufacturer_Part_Number"; Value = "0430450200"; VariantName = "[No Variations]"
Add component (AddParameter): Name = "Mouser Part Number"; Value = "N/A"; VariantName = "[No Variations]"
Add component (AddParameter): Name = "Mouser Price/Stock"; Value = "https://www.mouser.co.uk/ProductDetail/Molex/0430450200?qs=PBcRNPEHKsq8d1JP3B5UOw%3D%3D"; VariantName = "[No Variations]"
Added Component: Designator=J11(43045-0200)
Add component (AddParameter): Name = "Arrow Part Number"; Value = "0430450200"; VariantName = "[No Variations]"
Add component (AddParameter): Name = "Arrow Price/Stock"; Value = "https://www.arrow.com/en/products/0430450200/molex"; VariantName = "[No Variations]"
Add component (AddParameter): Name = "Datasheet Link"; Value = "http://www.molex.com/webdocs/datasheets/pdf/en-us//0430450200_PCB_HEADERS.pdf"; VariantName = "[No Variations]"
Add component (AddParameter): Name = "Manufacturer_Name"; Value = "Molex"; VariantName = "[No Variations]"
Add component (AddParameter): Name = "Manufacturer_Part_Number"; Value = "0430450200"; VariantName = "[No Variations]"
Add component (AddParameter): Name = "Mouser Part Number"; Value = "N/A"; VariantName = "[No Variations]"
Add component (AddParameter): Name = "Mouser Price/Stock"; Value = "https://www.mouser.co.uk/ProductDetail/Molex/0430450200?qs=PBcRNPEHKsq8d1JP3B5UOw%3D%3D"; VariantName = "[No Variations]"
Added Pin To Net: NetName=GND Pin=J4-1
Added Pin To Net: NetName=NetJ1_6 Pin=J4-2
Added Pin To Net: NetName=GND Pin=J5-1
Added Pin To Net: NetName=NetJ1_5 Pin=J5-2
Added Pin To Net: NetName=GND Pin=J6-1
Added Pin To Net: NetName=NetJ1_4 Pin=J6-2
Added Pin To Net: NetName=GND Pin=J7-1
Added Pin To Net: NetName=NetJ2_6 Pin=J7-2
Added Pin To Net: NetName=GND Pin=J8-1
Added Pin To Net: NetName=NetJ2_5 Pin=J8-2
Added Pin To Net: NetName=GND Pin=J9-1
Added Pin To Net: NetName=NetJ2_4 Pin=J9-2
Added Pin To Net: NetName=GND Pin=J10-1
Added Pin To Net: NetName=NetJ3_5 Pin=J10-2
Added Pin To Net: NetName=GND Pin=J11-1
Added Pin To Net: NetName=NetJ3_4 Pin=J11-2
Change Class Name : Old Net Name=Hub New Net Name=HubBoard
Added Member To Class: ClassName=HubBoard Member=Component J4 0430450200
Added Member To Class: ClassName=HubBoard Member=Component J5 0430450200
Added Member To Class: ClassName=HubBoard Member=Component J6 0430450200
Added Member To Class: ClassName=HubBoard Member=Component J7 0430450200
Added Member To Class: ClassName=HubBoard Member=Component J8 0430450200
Added Member To Class: ClassName=HubBoard Member=Component J9 0430450200
Added Member To Class: ClassName=HubBoard Member=Component J10 0430450200
Added Member To Class: ClassName=HubBoard Member=Component J11 0430450200
Added Room: Name=HubBoard
