Added Component: Designator=J4(0436500201)
Add component (AddParameter): Name = "Arrow Part Number"; Value = "0436500201"; VariantName = "[No Variations]"
Add component (AddParameter): Name = "Arrow Price/Stock"; Value = "https://www.arrow.com/en/products/0436500201/molex?region=europe"; VariantName = "[No Variations]"
Add component (AddParameter): Name = "Datasheet Link"; Value = "https://www.molex.com/pdm_docs/ps/PS-43650.pdf"; VariantName = "[No Variations]"
Add component (AddParameter): Name = "Height"; Value = "5.82mm"; VariantName = "[No Variations]"
Add component (AddParameter): Name = "Manufacturer_Name"; Value = "Molex"; VariantName = "[No Variations]"
Add component (AddParameter): Name = "Manufacturer_Part_Number"; Value = "0436500201"; VariantName = "[No Variations]"
Add component (AddParameter): Name = "Mouser Part Number"; Value = "N/A"; VariantName = "[No Variations]"
Add component (AddParameter): Name = "Mouser Price/Stock"; Value = "https://www.mouser.co.uk/ProductDetail/Molex/0436500201?qs=PBcRNPEHKsr2cwDQOTxBPQ%3D%3D"; VariantName = "[No Variations]"
Added Component: Designator=J5(0436500201)
Add component (AddParameter): Name = "Arrow Part Number"; Value = "0436500201"; VariantName = "[No Variations]"
Add component (AddParameter): Name = "Arrow Price/Stock"; Value = "https://www.arrow.com/en/products/0436500201/molex?region=europe"; VariantName = "[No Variations]"
Add component (AddParameter): Name = "Datasheet Link"; Value = "https://www.molex.com/pdm_docs/ps/PS-43650.pdf"; VariantName = "[No Variations]"
Add component (AddParameter): Name = "Height"; Value = "5.82mm"; VariantName = "[No Variations]"
Add component (AddParameter): Name = "Manufacturer_Name"; Value = "Molex"; VariantName = "[No Variations]"
Add component (AddParameter): Name = "Manufacturer_Part_Number"; Value = "0436500201"; VariantName = "[No Variations]"
Add component (AddParameter): Name = "Mouser Part Number"; Value = "N/A"; VariantName = "[No Variations]"
Add component (AddParameter): Name = "Mouser Price/Stock"; Value = "https://www.mouser.co.uk/ProductDetail/Molex/0436500201?qs=PBcRNPEHKsr2cwDQOTxBPQ%3D%3D"; VariantName = "[No Variations]"
Added Component: Designator=J6(0436500201)
Add component (AddParameter): Name = "Arrow Part Number"; Value = "0436500201"; VariantName = "[No Variations]"
Add component (AddParameter): Name = "Arrow Price/Stock"; Value = "https://www.arrow.com/en/products/0436500201/molex?region=europe"; VariantName = "[No Variations]"
Add component (AddParameter): Name = "Datasheet Link"; Value = "https://www.molex.com/pdm_docs/ps/PS-43650.pdf"; VariantName = "[No Variations]"
Add component (AddParameter): Name = "Height"; Value = "5.82mm"; VariantName = "[No Variations]"
Add component (AddParameter): Name = "Manufacturer_Name"; Value = "Molex"; VariantName = "[No Variations]"
Add component (AddParameter): Name = "Manufacturer_Part_Number"; Value = "0436500201"; VariantName = "[No Variations]"
Add component (AddParameter): Name = "Mouser Part Number"; Value = "N/A"; VariantName = "[No Variations]"
Add component (AddParameter): Name = "Mouser Price/Stock"; Value = "https://www.mouser.co.uk/ProductDetail/Molex/0436500201?qs=PBcRNPEHKsr2cwDQOTxBPQ%3D%3D"; VariantName = "[No Variations]"
Added Component: Designator=J7(0436500201)
Add component (AddParameter): Name = "Arrow Part Number"; Value = "0436500201"; VariantName = "[No Variations]"
Add component (AddParameter): Name = "Arrow Price/Stock"; Value = "https://www.arrow.com/en/products/0436500201/molex?region=europe"; VariantName = "[No Variations]"
Add component (AddParameter): Name = "Datasheet Link"; Value = "https://www.molex.com/pdm_docs/ps/PS-43650.pdf"; VariantName = "[No Variations]"
Add component (AddParameter): Name = "Height"; Value = "5.82mm"; VariantName = "[No Variations]"
Add component (AddParameter): Name = "Manufacturer_Name"; Value = "Molex"; VariantName = "[No Variations]"
Add component (AddParameter): Name = "Manufacturer_Part_Number"; Value = "0436500201"; VariantName = "[No Variations]"
Add component (AddParameter): Name = "Mouser Part Number"; Value = "N/A"; VariantName = "[No Variations]"
Add component (AddParameter): Name = "Mouser Price/Stock"; Value = "https://www.mouser.co.uk/ProductDetail/Molex/0436500201?qs=PBcRNPEHKsr2cwDQOTxBPQ%3D%3D"; VariantName = "[No Variations]"
Added Component: Designator=J8(0436500201)
Add component (AddParameter): Name = "Arrow Part Number"; Value = "0436500201"; VariantName = "[No Variations]"
Add component (AddParameter): Name = "Arrow Price/Stock"; Value = "https://www.arrow.com/en/products/0436500201/molex?region=europe"; VariantName = "[No Variations]"
Add component (AddParameter): Name = "Datasheet Link"; Value = "https://www.molex.com/pdm_docs/ps/PS-43650.pdf"; VariantName = "[No Variations]"
Add component (AddParameter): Name = "Height"; Value = "5.82mm"; VariantName = "[No Variations]"
Add component (AddParameter): Name = "Manufacturer_Name"; Value = "Molex"; VariantName = "[No Variations]"
Add component (AddParameter): Name = "Manufacturer_Part_Number"; Value = "0436500201"; VariantName = "[No Variations]"
Add component (AddParameter): Name = "Mouser Part Number"; Value = "N/A"; VariantName = "[No Variations]"
Add component (AddParameter): Name = "Mouser Price/Stock"; Value = "https://www.mouser.co.uk/ProductDetail/Molex/0436500201?qs=PBcRNPEHKsr2cwDQOTxBPQ%3D%3D"; VariantName = "[No Variations]"
Added Component: Designator=J9(0436500201)
Add component (AddParameter): Name = "Arrow Part Number"; Value = "0436500201"; VariantName = "[No Variations]"
Add component (AddParameter): Name = "Arrow Price/Stock"; Value = "https://www.arrow.com/en/products/0436500201/molex?region=europe"; VariantName = "[No Variations]"
Add component (AddParameter): Name = "Datasheet Link"; Value = "https://www.molex.com/pdm_docs/ps/PS-43650.pdf"; VariantName = "[No Variations]"
Add component (AddParameter): Name = "Height"; Value = "5.82mm"; VariantName = "[No Variations]"
Add component (AddParameter): Name = "Manufacturer_Name"; Value = "Molex"; VariantName = "[No Variations]"
Add component (AddParameter): Name = "Manufacturer_Part_Number"; Value = "0436500201"; VariantName = "[No Variations]"
Add component (AddParameter): Name = "Mouser Part Number"; Value = "N/A"; VariantName = "[No Variations]"
Add component (AddParameter): Name = "Mouser Price/Stock"; Value = "https://www.mouser.co.uk/ProductDetail/Molex/0436500201?qs=PBcRNPEHKsr2cwDQOTxBPQ%3D%3D"; VariantName = "[No Variations]"
Added Component: Designator=J10(0436500201)
Add component (AddParameter): Name = "Arrow Part Number"; Value = "0436500201"; VariantName = "[No Variations]"
Add component (AddParameter): Name = "Arrow Price/Stock"; Value = "https://www.arrow.com/en/products/0436500201/molex?region=europe"; VariantName = "[No Variations]"
Add component (AddParameter): Name = "Datasheet Link"; Value = "https://www.molex.com/pdm_docs/ps/PS-43650.pdf"; VariantName = "[No Variations]"
Add component (AddParameter): Name = "Height"; Value = "5.82mm"; VariantName = "[No Variations]"
Add component (AddParameter): Name = "Manufacturer_Name"; Value = "Molex"; VariantName = "[No Variations]"
Add component (AddParameter): Name = "Manufacturer_Part_Number"; Value = "0436500201"; VariantName = "[No Variations]"
Add component (AddParameter): Name = "Mouser Part Number"; Value = "N/A"; VariantName = "[No Variations]"
Add component (AddParameter): Name = "Mouser Price/Stock"; Value = "https://www.mouser.co.uk/ProductDetail/Molex/0436500201?qs=PBcRNPEHKsr2cwDQOTxBPQ%3D%3D"; VariantName = "[No Variations]"
Added Component: Designator=J11(0436500201)
Add component (AddParameter): Name = "Arrow Part Number"; Value = "0436500201"; VariantName = "[No Variations]"
Add component (AddParameter): Name = "Arrow Price/Stock"; Value = "https://www.arrow.com/en/products/0436500201/molex?region=europe"; VariantName = "[No Variations]"
Add component (AddParameter): Name = "Datasheet Link"; Value = "https://www.molex.com/pdm_docs/ps/PS-43650.pdf"; VariantName = "[No Variations]"
Add component (AddParameter): Name = "Height"; Value = "5.82mm"; VariantName = "[No Variations]"
Add component (AddParameter): Name = "Manufacturer_Name"; Value = "Molex"; VariantName = "[No Variations]"
Add component (AddParameter): Name = "Manufacturer_Part_Number"; Value = "0436500201"; VariantName = "[No Variations]"
Add component (AddParameter): Name = "Mouser Part Number"; Value = "N/A"; VariantName = "[No Variations]"
Add component (AddParameter): Name = "Mouser Price/Stock"; Value = "https://www.mouser.co.uk/ProductDetail/Molex/0436500201?qs=PBcRNPEHKsr2cwDQOTxBPQ%3D%3D"; VariantName = "[No Variations]"
Added Pin To Net: NetName=GND Pin=J4-1
Added Pin To Net: NetName=NetJ1_6 Pin=J4-2
Added Pin To Net: NetName=GND Pin=J5-1
Added Pin To Net: NetName=NetJ1_5 Pin=J5-2
Added Pin To Net: NetName=GND Pin=J6-1
Added Pin To Net: NetName=NetJ1_4 Pin=J6-2
Added Pin To Net: NetName=GND Pin=J7-1
Added Pin To Net: NetName=NetJ2_6 Pin=J7-2
Added Pin To Net: NetName=GND Pin=J8-1
Added Pin To Net: NetName=NetJ2_5 Pin=J8-2
Added Pin To Net: NetName=GND Pin=J9-1
Added Pin To Net: NetName=NetJ2_4 Pin=J9-2
Added Pin To Net: NetName=GND Pin=J10-1
Added Pin To Net: NetName=NetJ3_5 Pin=J10-2
Added Pin To Net: NetName=GND Pin=J11-1
Added Pin To Net: NetName=NetJ3_4 Pin=J11-2
Added Member To Class: ClassName=HubBoard Member=Component J4 0436500201
Added Member To Class: ClassName=HubBoard Member=Component J5 0436500201
Added Member To Class: ClassName=HubBoard Member=Component J6 0436500201
Added Member To Class: ClassName=HubBoard Member=Component J7 0436500201
Added Member To Class: ClassName=HubBoard Member=Component J8 0436500201
Added Member To Class: ClassName=HubBoard Member=Component J9 0436500201
Added Member To Class: ClassName=HubBoard Member=Component J10 0436500201
Added Member To Class: ClassName=HubBoard Member=Component J11 0436500201
Added Room: Name=HubBoard
