Removed Pin From Net: NetName=GND Pin=J1-1
Removed Pin From Net: NetName=GND Pin=J1-2
Removed Pin From Net: NetName=GND Pin=J1-3
Removed Pin From Net: NetName=GND Pin=J2-1
Removed Pin From Net: NetName=GND Pin=J2-2
Removed Pin From Net: NetName=GND Pin=J2-3
Removed Pin From Net: NetName=GND Pin=J3-1
Removed Pin From Net: NetName=GND Pin=J3-2
Removed Pin From Net: NetName=GND Pin=J3-3
Removed Pin From Net: NetName=GND Pin=J4-1
Removed Pin From Net: NetName=GND Pin=J5-1
Removed Pin From Net: NetName=GND Pin=J6-1
Removed Pin From Net: NetName=GND Pin=J7-1
Removed Pin From Net: NetName=GND Pin=J8-1
Removed Pin From Net: NetName=GND Pin=J9-1
Removed Pin From Net: NetName=GND Pin=J10-1
Removed Pin From Net: NetName=GND Pin=J11-1
Removed Member From Class: ClassName=HubBoard Member=J10
Removed Member From Class: ClassName=HubBoard Member=J11
Change Component Designator: OldDesignator=J4 NewDesignator=J1
Change Component Designator: OldDesignator=J5 NewDesignator=J2
Change Component Designator: OldDesignator=J6 NewDesignator=J4
Change Component Designator: OldDesignator=J7 NewDesignator=J5
Change Component Designator: OldDesignator=J8 NewDesignator=J6
Change Component Designator: OldDesignator=J9 NewDesignator=J7
Change Component Designator: OldDesignator=J10 NewDesignator=J8
Change Component Designator: OldDesignator=J11 NewDesignator=J3
Change Component Designator: OldDesignator=MH5 NewDesignator=MH1
Change Component Designator: OldDesignator=MH6 NewDesignator=MH2
Change Component Designator: OldDesignator=MH8 NewDesignator=MH3
Added Component: Designator=J9(0430451013)
Add component (AddParameter): Name = "Arrow Part Number"; Value = ""; VariantName = "[No Variations]"
Add component (AddParameter): Name = "Arrow Price/Stock"; Value = ""; VariantName = "[No Variations]"
Add component (AddParameter): Name = "Datasheet Link"; Value = "https://media.digikey.com/pdf/Data%20Sheets/Molex%20PDFs/PK-70873-05xx_1_N3.pdf"; VariantName = "[No Variations]"
Add component (AddParameter): Name = "Height"; Value = "10.16mm"; VariantName = "[No Variations]"
Add component (AddParameter): Name = "Manufacturer_Name"; Value = "Molex"; VariantName = "[No Variations]"
Add component (AddParameter): Name = "Manufacturer_Part_Number"; Value = "0430451013"; VariantName = "[No Variations]"
Add component (AddParameter): Name = "Mouser Part Number"; Value = "N/A"; VariantName = "[No Variations]"
Add component (AddParameter): Name = "Mouser Price/Stock"; Value = "https://www.mouser.co.uk/ProductDetail/Molex/0430451013?qs=PBcRNPEHKsr61YxZQctt5w%3D%3D"; VariantName = "[No Variations]"
Added Pin To Net: NetName=GND Pin=J1-2
Added Pin To Net: NetName=GND Pin=J2-2
Added Pin To Net: NetName=GND Pin=J3-2
Added Pin To Net: NetName=GND Pin=J4-2
Added Pin To Net: NetName=GND Pin=J5-2
Added Pin To Net: NetName=GND Pin=J6-2
Added Pin To Net: NetName=GND Pin=J7-2
Added Pin To Net: NetName=GND Pin=J8-2
Added Pin To Net: NetName=GND Pin=J9-5
Added Pin To Net: NetName=GND Pin=J9-10
Added Pin To Net: NetName=NetJ1_1 Pin=J1-1
Added Pin To Net: NetName=NetJ1_1 Pin=J9-1
Added Net: Name=NetJ1_1
Added Pin To Net: NetName=NetJ2_1 Pin=J2-1
Added Pin To Net: NetName=NetJ2_1 Pin=J9-2
Added Net: Name=NetJ2_1
Added Pin To Net: NetName=NetJ3_1 Pin=J3-1
Added Pin To Net: NetName=NetJ3_1 Pin=J9-3
Added Net: Name=NetJ3_1
Added Pin To Net: NetName=NetJ4_1 Pin=J4-1
Added Pin To Net: NetName=NetJ4_1 Pin=J9-4
Added Net: Name=NetJ4_1
Added Pin To Net: NetName=NetJ5_1 Pin=J5-1
Added Pin To Net: NetName=NetJ5_1 Pin=J9-9
Added Net: Name=NetJ5_1
Added Pin To Net: NetName=NetJ6_1 Pin=J6-1
Added Pin To Net: NetName=NetJ6_1 Pin=J9-8
Added Net: Name=NetJ6_1
Added Pin To Net: NetName=NetJ7_1 Pin=J7-1
Added Pin To Net: NetName=NetJ7_1 Pin=J9-7
Added Net: Name=NetJ7_1
Added Pin To Net: NetName=NetJ8_1 Pin=J8-1
Added Pin To Net: NetName=NetJ8_1 Pin=J9-6
Added Net: Name=NetJ8_1
Added Room: Name=HubBoard
